2025-02-28 11:38:52 INFO  com.zaxxer.hikari.HikariDataSource - PostgreSQLHikariPool - Starting...
2025-02-28 11:38:52 INFO  com.zaxxer.hikari.pool.HikariPool - PostgreSQLHikariPool - Added connection org.postgresql.jdbc.PgConnection@3a60c416
2025-02-28 11:38:52 INFO  com.zaxxer.hikari.HikariDataSource - PostgreSQLHikariPool - Start completed.
2025-02-28 11:38:53 INFO  o.h.validator.internal.util.Version - HV000001: Hibernate Validator 8.0.2.Final
2025-02-28 11:38:53 INFO  o.s.web.servlet.DispatcherServlet - Initializing Servlet 'dispatcherServlet'
2025-02-28 11:38:53 INFO  o.s.web.servlet.DispatcherServlet - Completed initialization in 1 ms
2025-02-28 11:46:51 INFO  com.zaxxer.hikari.HikariDataSource - PostgreSQLHikariPool - Shutdown initiated...
2025-02-28 11:46:51 INFO  com.zaxxer.hikari.HikariDataSource - PostgreSQLHikariPool - Shutdown completed.
2025-02-28 11:46:53 INFO  com.zaxxer.hikari.HikariDataSource - PostgreSQLHikariPool - Starting...
2025-02-28 11:46:53 INFO  com.zaxxer.hikari.pool.HikariPool - PostgreSQLHikariPool - Added connection org.postgresql.jdbc.PgConnection@2caf6912
2025-02-28 11:46:53 INFO  com.zaxxer.hikari.HikariDataSource - PostgreSQLHikariPool - Start completed.
2025-02-28 11:46:54 INFO  o.h.validator.internal.util.Version - HV000001: Hibernate Validator 8.0.2.Final
2025-02-28 11:46:54 INFO  o.s.web.servlet.DispatcherServlet - Initializing Servlet 'dispatcherServlet'
2025-02-28 11:46:54 INFO  o.s.web.servlet.DispatcherServlet - Completed initialization in 1 ms
2025-02-28 11:48:55 INFO  com.zaxxer.hikari.HikariDataSource - PostgreSQLHikariPool - Shutdown initiated...
2025-02-28 11:48:55 INFO  com.zaxxer.hikari.HikariDataSource - PostgreSQLHikariPool - Shutdown completed.
2025-02-28 11:48:57 INFO  com.zaxxer.hikari.HikariDataSource - PostgreSQLHikariPool - Starting...
2025-02-28 11:48:57 INFO  com.zaxxer.hikari.pool.HikariPool - PostgreSQLHikariPool - Added connection org.postgresql.jdbc.PgConnection@2caf6912
2025-02-28 11:48:57 INFO  com.zaxxer.hikari.HikariDataSource - PostgreSQLHikariPool - Start completed.
2025-02-28 11:48:57 INFO  o.h.validator.internal.util.Version - HV000001: Hibernate Validator 8.0.2.Final
2025-02-28 11:48:58 INFO  o.s.web.servlet.DispatcherServlet - Initializing Servlet 'dispatcherServlet'
2025-02-28 11:48:58 INFO  o.s.web.servlet.DispatcherServlet - Completed initialization in 1 ms
2025-02-28 11:50:46 INFO  com.zaxxer.hikari.HikariDataSource - PostgreSQLHikariPool - Shutdown initiated...
2025-02-28 11:50:46 INFO  com.zaxxer.hikari.HikariDataSource - PostgreSQLHikariPool - Shutdown completed.
2025-02-28 11:50:47 INFO  com.zaxxer.hikari.HikariDataSource - PostgreSQLHikariPool - Starting...
2025-02-28 11:50:47 INFO  com.zaxxer.hikari.pool.HikariPool - PostgreSQLHikariPool - Added connection org.postgresql.jdbc.PgConnection@2caf6912
2025-02-28 11:50:47 INFO  com.zaxxer.hikari.HikariDataSource - PostgreSQLHikariPool - Start completed.
2025-02-28 11:50:47 DEBUG o.s.s.c.a.a.c.AuthenticationConfiguration$DefaultPasswordEncoderAuthenticationManagerBuilder - No authenticationProviders and no parentAuthenticationManager defined. Returning null.
2025-02-28 11:50:48 DEBUG o.s.s.web.DefaultSecurityFilterChain - Will secure any request with filters: DisableEncodeUrlFilter, WebAsyncManagerIntegrationFilter, SecurityContextHolderFilter, HeaderWriterFilter, CsrfFilter, LogoutFilter, UsernamePasswordAuthenticationFilter, DefaultResourcesFilter, DefaultLoginPageGeneratingFilter, DefaultLogoutPageGeneratingFilter, CustomHeaderFilter, RequestCacheAwareFilter, SecurityContextHolderAwareRequestFilter, AnonymousAuthenticationFilter, ExceptionTranslationFilter, AuthorizationFilter
2025-02-28 11:50:48 INFO  o.h.validator.internal.util.Version - HV000001: Hibernate Validator 8.0.2.Final
2025-02-28 11:50:48 INFO  o.s.web.servlet.DispatcherServlet - Initializing Servlet 'dispatcherServlet'
2025-02-28 11:50:48 INFO  o.s.web.servlet.DispatcherServlet - Completed initialization in 1 ms
2025-02-28 11:53:04 INFO  com.zaxxer.hikari.HikariDataSource - PostgreSQLHikariPool - Shutdown initiated...
2025-02-28 11:53:04 INFO  com.zaxxer.hikari.HikariDataSource - PostgreSQLHikariPool - Shutdown completed.
2025-02-28 11:53:05 INFO  com.zaxxer.hikari.HikariDataSource - PostgreSQLHikariPool - Starting...
2025-02-28 11:53:05 INFO  com.zaxxer.hikari.pool.HikariPool - PostgreSQLHikariPool - Added connection org.postgresql.jdbc.PgConnection@2caf6912
2025-02-28 11:53:05 INFO  com.zaxxer.hikari.HikariDataSource - PostgreSQLHikariPool - Start completed.
2025-02-28 11:53:06 DEBUG o.s.s.c.a.a.c.AuthenticationConfiguration$DefaultPasswordEncoderAuthenticationManagerBuilder - No authenticationProviders and no parentAuthenticationManager defined. Returning null.
2025-02-28 11:53:06 DEBUG o.s.s.web.DefaultSecurityFilterChain - Will secure any request with filters: DisableEncodeUrlFilter, WebAsyncManagerIntegrationFilter, SecurityContextHolderFilter, HeaderWriterFilter, CsrfFilter, LogoutFilter, UsernamePasswordAuthenticationFilter, DefaultResourcesFilter, DefaultLoginPageGeneratingFilter, DefaultLogoutPageGeneratingFilter, CustomHeaderFilter, RequestCacheAwareFilter, SecurityContextHolderAwareRequestFilter, AnonymousAuthenticationFilter, ExceptionTranslationFilter, AuthorizationFilter
2025-02-28 11:53:06 INFO  o.h.validator.internal.util.Version - HV000001: Hibernate Validator 8.0.2.Final
2025-02-28 11:53:06 INFO  o.s.web.servlet.DispatcherServlet - Initializing Servlet 'dispatcherServlet'
2025-02-28 11:53:06 INFO  o.s.web.servlet.DispatcherServlet - Completed initialization in 1 ms
2025-02-28 12:03:32 INFO  com.zaxxer.hikari.HikariDataSource - PostgreSQLHikariPool - Shutdown initiated...
2025-02-28 12:03:32 INFO  com.zaxxer.hikari.HikariDataSource - PostgreSQLHikariPool - Shutdown completed.
2025-02-28 12:03:34 INFO  com.zaxxer.hikari.HikariDataSource - PostgreSQLHikariPool - Starting...
2025-02-28 12:03:34 INFO  com.zaxxer.hikari.pool.HikariPool - PostgreSQLHikariPool - Added connection org.postgresql.jdbc.PgConnection@2caf6912
2025-02-28 12:03:34 INFO  com.zaxxer.hikari.HikariDataSource - PostgreSQLHikariPool - Start completed.
2025-02-28 12:03:34 DEBUG o.s.s.c.a.a.c.AuthenticationConfiguration$DefaultPasswordEncoderAuthenticationManagerBuilder - No authenticationProviders and no parentAuthenticationManager defined. Returning null.
2025-02-28 12:03:35 DEBUG o.s.s.web.DefaultSecurityFilterChain - Will secure any request with filters: DisableEncodeUrlFilter, WebAsyncManagerIntegrationFilter, SecurityContextHolderFilter, HeaderWriterFilter, CsrfFilter, LogoutFilter, CustomHeaderFilter, UsernamePasswordAuthenticationFilter, DefaultResourcesFilter, DefaultLoginPageGeneratingFilter, DefaultLogoutPageGeneratingFilter, RequestCacheAwareFilter, SecurityContextHolderAwareRequestFilter, AnonymousAuthenticationFilter, ExceptionTranslationFilter, AuthorizationFilter
2025-02-28 12:03:35 INFO  o.h.validator.internal.util.Version - HV000001: Hibernate Validator 8.0.2.Final
2025-02-28 12:03:35 INFO  o.s.web.servlet.DispatcherServlet - Initializing Servlet 'dispatcherServlet'
2025-02-28 12:03:35 INFO  o.s.web.servlet.DispatcherServlet - Completed initialization in 1 ms
2025-02-28 12:04:35 INFO  com.zaxxer.hikari.HikariDataSource - PostgreSQLHikariPool - Shutdown initiated...
2025-02-28 12:04:35 INFO  com.zaxxer.hikari.HikariDataSource - PostgreSQLHikariPool - Shutdown completed.
2025-02-28 12:04:37 INFO  com.zaxxer.hikari.HikariDataSource - PostgreSQLHikariPool - Starting...
2025-02-28 12:04:38 INFO  com.zaxxer.hikari.pool.HikariPool - PostgreSQLHikariPool - Added connection org.postgresql.jdbc.PgConnection@4a31c2ee
2025-02-28 12:04:38 INFO  com.zaxxer.hikari.HikariDataSource - PostgreSQLHikariPool - Start completed.
2025-02-28 12:04:38 DEBUG o.s.s.c.a.a.c.AuthenticationConfiguration$DefaultPasswordEncoderAuthenticationManagerBuilder - No authenticationProviders and no parentAuthenticationManager defined. Returning null.
2025-02-28 12:04:38 DEBUG o.s.s.web.DefaultSecurityFilterChain - Will secure any request with filters: DisableEncodeUrlFilter, WebAsyncManagerIntegrationFilter, SecurityContextHolderFilter, HeaderWriterFilter, CsrfFilter, LogoutFilter, UsernamePasswordAuthenticationFilter, DefaultResourcesFilter, DefaultLoginPageGeneratingFilter, DefaultLogoutPageGeneratingFilter, CustomHeaderFilter, RequestCacheAwareFilter, SecurityContextHolderAwareRequestFilter, AnonymousAuthenticationFilter, ExceptionTranslationFilter, AuthorizationFilter
2025-02-28 12:04:38 INFO  o.h.validator.internal.util.Version - HV000001: Hibernate Validator 8.0.2.Final
2025-02-28 12:04:38 INFO  o.s.web.servlet.DispatcherServlet - Initializing Servlet 'dispatcherServlet'
2025-02-28 12:04:38 INFO  o.s.web.servlet.DispatcherServlet - Completed initialization in 0 ms
2025-02-28 12:05:13 INFO  com.zaxxer.hikari.HikariDataSource - PostgreSQLHikariPool - Shutdown initiated...
2025-02-28 12:05:13 INFO  com.zaxxer.hikari.HikariDataSource - PostgreSQLHikariPool - Shutdown completed.
2025-02-28 12:05:15 INFO  com.zaxxer.hikari.HikariDataSource - PostgreSQLHikariPool - Starting...
2025-02-28 12:05:15 INFO  com.zaxxer.hikari.pool.HikariPool - PostgreSQLHikariPool - Added connection org.postgresql.jdbc.PgConnection@2caf6912
2025-02-28 12:05:15 INFO  com.zaxxer.hikari.HikariDataSource - PostgreSQLHikariPool - Start completed.
2025-02-28 12:05:15 DEBUG o.s.s.c.a.a.c.AuthenticationConfiguration$DefaultPasswordEncoderAuthenticationManagerBuilder - No authenticationProviders and no parentAuthenticationManager defined. Returning null.
2025-02-28 12:05:15 DEBUG o.s.s.web.DefaultSecurityFilterChain - Will secure any request with filters: DisableEncodeUrlFilter, WebAsyncManagerIntegrationFilter, SecurityContextHolderFilter, HeaderWriterFilter, CsrfFilter, LogoutFilter, CustomHeaderFilter, UsernamePasswordAuthenticationFilter, DefaultResourcesFilter, DefaultLoginPageGeneratingFilter, DefaultLogoutPageGeneratingFilter, RequestCacheAwareFilter, SecurityContextHolderAwareRequestFilter, AnonymousAuthenticationFilter, ExceptionTranslationFilter, AuthorizationFilter
2025-02-28 12:05:15 INFO  o.h.validator.internal.util.Version - HV000001: Hibernate Validator 8.0.2.Final
2025-02-28 12:05:15 INFO  o.s.web.servlet.DispatcherServlet - Initializing Servlet 'dispatcherServlet'
2025-02-28 12:05:15 INFO  o.s.web.servlet.DispatcherServlet - Completed initialization in 1 ms
2025-02-28 12:05:40 INFO  com.zaxxer.hikari.HikariDataSource - PostgreSQLHikariPool - Shutdown initiated...
2025-02-28 12:05:40 INFO  com.zaxxer.hikari.HikariDataSource - PostgreSQLHikariPool - Shutdown completed.
2025-02-28 12:05:41 INFO  com.zaxxer.hikari.HikariDataSource - PostgreSQLHikariPool - Starting...
2025-02-28 12:05:42 INFO  com.zaxxer.hikari.pool.HikariPool - PostgreSQLHikariPool - Added connection org.postgresql.jdbc.PgConnection@4a31c2ee
2025-02-28 12:05:42 INFO  com.zaxxer.hikari.HikariDataSource - PostgreSQLHikariPool - Start completed.
2025-02-28 12:05:42 DEBUG o.s.s.c.a.a.c.AuthenticationConfiguration$DefaultPasswordEncoderAuthenticationManagerBuilder - No authenticationProviders and no parentAuthenticationManager defined. Returning null.
2025-02-28 12:05:42 DEBUG o.s.s.web.DefaultSecurityFilterChain - Will secure any request with filters: DisableEncodeUrlFilter, WebAsyncManagerIntegrationFilter, SecurityContextHolderFilter, HeaderWriterFilter, CsrfFilter, LogoutFilter, CustomHeaderFilter, UsernamePasswordAuthenticationFilter, DefaultResourcesFilter, DefaultLoginPageGeneratingFilter, DefaultLogoutPageGeneratingFilter, RequestCacheAwareFilter, SecurityContextHolderAwareRequestFilter, AnonymousAuthenticationFilter, ExceptionTranslationFilter, AuthorizationFilter
2025-02-28 12:05:42 INFO  o.h.validator.internal.util.Version - HV000001: Hibernate Validator 8.0.2.Final
2025-02-28 12:05:42 INFO  o.s.web.servlet.DispatcherServlet - Initializing Servlet 'dispatcherServlet'
2025-02-28 12:05:42 INFO  o.s.web.servlet.DispatcherServlet - Completed initialization in 1 ms
2025-02-28 20:02:27 INFO  com.zaxxer.hikari.HikariDataSource - PostgreSQLHikariPool - Starting...
2025-02-28 20:02:27 INFO  com.zaxxer.hikari.pool.HikariPool - PostgreSQLHikariPool - Added connection org.postgresql.jdbc.PgConnection@4a31c2ee
2025-02-28 20:02:27 INFO  com.zaxxer.hikari.HikariDataSource - PostgreSQLHikariPool - Start completed.
2025-02-28 20:02:27 DEBUG o.s.s.c.a.a.c.AuthenticationConfiguration$DefaultPasswordEncoderAuthenticationManagerBuilder - No authenticationProviders and no parentAuthenticationManager defined. Returning null.
2025-02-28 20:02:27 DEBUG o.s.s.web.DefaultSecurityFilterChain - Will secure any request with filters: DisableEncodeUrlFilter, WebAsyncManagerIntegrationFilter, SecurityContextHolderFilter, HeaderWriterFilter, CsrfFilter, LogoutFilter, CustomHeaderFilter, UsernamePasswordAuthenticationFilter, DefaultResourcesFilter, DefaultLoginPageGeneratingFilter, DefaultLogoutPageGeneratingFilter, RequestCacheAwareFilter, SecurityContextHolderAwareRequestFilter, AnonymousAuthenticationFilter, ExceptionTranslationFilter, AuthorizationFilter
2025-02-28 20:02:27 INFO  o.h.validator.internal.util.Version - HV000001: Hibernate Validator 8.0.2.Final
2025-02-28 20:02:28 INFO  o.s.web.servlet.DispatcherServlet - Initializing Servlet 'dispatcherServlet'
2025-02-28 20:02:28 INFO  o.s.web.servlet.DispatcherServlet - Completed initialization in 1 ms
2025-02-28 20:02:40 WARN  o.s.web.servlet.PageNotFound - No mapping for GET /
2025-02-28 20:02:40 WARN  o.s.web.servlet.PageNotFound - No endpoint GET /.
2025-02-28 20:02:40 WARN  o.s.web.servlet.PageNotFound - No mapping for GET /favicon.ico
2025-02-28 20:02:40 WARN  o.s.web.servlet.PageNotFound - No endpoint GET /favicon.ico.
2025-02-28 20:03:49 INFO  com.zaxxer.hikari.HikariDataSource - PostgreSQLHikariPool - Shutdown initiated...
2025-02-28 20:03:49 INFO  com.zaxxer.hikari.HikariDataSource - PostgreSQLHikariPool - Shutdown completed.
2025-02-28 20:03:51 INFO  com.zaxxer.hikari.HikariDataSource - PostgreSQLHikariPool - Starting...
2025-02-28 20:03:51 INFO  com.zaxxer.hikari.pool.HikariPool - PostgreSQLHikariPool - Added connection org.postgresql.jdbc.PgConnection@31ff1390
2025-02-28 20:03:51 INFO  com.zaxxer.hikari.HikariDataSource - PostgreSQLHikariPool - Start completed.
2025-02-28 20:03:51 DEBUG o.s.s.c.a.a.c.AuthenticationConfiguration$DefaultPasswordEncoderAuthenticationManagerBuilder - No authenticationProviders and no parentAuthenticationManager defined. Returning null.
2025-02-28 20:03:52 DEBUG o.s.s.web.DefaultSecurityFilterChain - Will secure any request with filters: DisableEncodeUrlFilter, WebAsyncManagerIntegrationFilter, SecurityContextHolderFilter, HeaderWriterFilter, CsrfFilter, LogoutFilter, CustomHeaderFilter, UsernamePasswordAuthenticationFilter, DefaultResourcesFilter, DefaultLoginPageGeneratingFilter, DefaultLogoutPageGeneratingFilter, RequestCacheAwareFilter, SecurityContextHolderAwareRequestFilter, AnonymousAuthenticationFilter, ExceptionTranslationFilter, AuthorizationFilter
2025-02-28 20:03:52 INFO  o.h.validator.internal.util.Version - HV000001: Hibernate Validator 8.0.2.Final
2025-02-28 20:03:52 INFO  o.s.web.servlet.DispatcherServlet - Initializing Servlet 'dispatcherServlet'
2025-02-28 20:03:52 INFO  o.s.web.servlet.DispatcherServlet - Completed initialization in 1 ms
2025-02-28 20:03:53 WARN  o.s.web.servlet.PageNotFound - No mapping for GET /hello nilso
2025-02-28 20:03:53 WARN  o.s.web.servlet.PageNotFound - No endpoint GET /hello nilso.
2025-02-28 20:03:53 WARN  o.s.web.servlet.PageNotFound - No mapping for GET /favicon.ico
2025-02-28 20:03:53 WARN  o.s.web.servlet.PageNotFound - No endpoint GET /favicon.ico.
2025-02-28 20:03:57 WARN  o.s.web.servlet.PageNotFound - No mapping for GET /hello nilso
2025-02-28 20:03:57 WARN  o.s.web.servlet.PageNotFound - No endpoint GET /hello nilso.
2025-02-28 20:04:29 WARN  o.s.web.servlet.PageNotFound - No mapping for GET /hello nilso
2025-02-28 20:04:29 WARN  o.s.web.servlet.PageNotFound - No endpoint GET /hello nilso.
2025-02-28 20:04:46 INFO  com.zaxxer.hikari.HikariDataSource - PostgreSQLHikariPool - Shutdown initiated...
2025-02-28 20:04:46 INFO  com.zaxxer.hikari.HikariDataSource - PostgreSQLHikariPool - Shutdown completed.
2025-02-28 20:04:48 INFO  com.zaxxer.hikari.HikariDataSource - PostgreSQLHikariPool - Starting...
2025-02-28 20:04:48 INFO  com.zaxxer.hikari.pool.HikariPool - PostgreSQLHikariPool - Added connection org.postgresql.jdbc.PgConnection@31ff1390
2025-02-28 20:04:48 INFO  com.zaxxer.hikari.HikariDataSource - PostgreSQLHikariPool - Start completed.
2025-02-28 20:04:48 DEBUG o.s.s.c.a.a.c.AuthenticationConfiguration$DefaultPasswordEncoderAuthenticationManagerBuilder - No authenticationProviders and no parentAuthenticationManager defined. Returning null.
2025-02-28 20:04:48 DEBUG o.s.s.web.DefaultSecurityFilterChain - Will secure any request with filters: DisableEncodeUrlFilter, WebAsyncManagerIntegrationFilter, SecurityContextHolderFilter, HeaderWriterFilter, CsrfFilter, LogoutFilter, CustomHeaderFilter, UsernamePasswordAuthenticationFilter, DefaultResourcesFilter, DefaultLoginPageGeneratingFilter, DefaultLogoutPageGeneratingFilter, RequestCacheAwareFilter, SecurityContextHolderAwareRequestFilter, AnonymousAuthenticationFilter, ExceptionTranslationFilter, AuthorizationFilter
2025-02-28 20:04:48 INFO  o.h.validator.internal.util.Version - HV000001: Hibernate Validator 8.0.2.Final
2025-02-28 20:04:49 INFO  o.s.web.servlet.DispatcherServlet - Initializing Servlet 'dispatcherServlet'
2025-02-28 20:04:49 INFO  o.s.web.servlet.DispatcherServlet - Completed initialization in 1 ms
2025-02-28 20:05:12 INFO  com.zaxxer.hikari.HikariDataSource - PostgreSQLHikariPool - Shutdown initiated...
2025-02-28 20:05:12 INFO  com.zaxxer.hikari.HikariDataSource - PostgreSQLHikariPool - Shutdown completed.
2025-02-28 20:06:05 INFO  com.zaxxer.hikari.HikariDataSource - PostgreSQLHikariPool - Starting...
2025-02-28 20:06:05 INFO  com.zaxxer.hikari.pool.HikariPool - PostgreSQLHikariPool - Added connection org.postgresql.jdbc.PgConnection@1d01dfa5
2025-02-28 20:06:05 INFO  com.zaxxer.hikari.HikariDataSource - PostgreSQLHikariPool - Start completed.
2025-02-28 20:06:05 DEBUG o.s.s.c.a.a.c.AuthenticationConfiguration$DefaultPasswordEncoderAuthenticationManagerBuilder - No authenticationProviders and no parentAuthenticationManager defined. Returning null.
2025-02-28 20:06:05 DEBUG o.s.s.web.DefaultSecurityFilterChain - Will secure any request with filters: DisableEncodeUrlFilter, WebAsyncManagerIntegrationFilter, SecurityContextHolderFilter, HeaderWriterFilter, CsrfFilter, LogoutFilter, UsernamePasswordAuthenticationFilter, DefaultResourcesFilter, DefaultLoginPageGeneratingFilter, DefaultLogoutPageGeneratingFilter, CustomHeaderFilter, RequestCacheAwareFilter, SecurityContextHolderAwareRequestFilter, AnonymousAuthenticationFilter, ExceptionTranslationFilter, AuthorizationFilter
2025-02-28 20:06:05 INFO  o.h.validator.internal.util.Version - HV000001: Hibernate Validator 8.0.2.Final
2025-02-28 20:06:06 INFO  o.s.web.servlet.DispatcherServlet - Initializing Servlet 'dispatcherServlet'
2025-02-28 20:06:06 INFO  o.s.web.servlet.DispatcherServlet - Completed initialization in 1 ms
2025-02-28 20:10:18 INFO  com.zaxxer.hikari.HikariDataSource - PostgreSQLHikariPool - Shutdown initiated...
2025-02-28 20:10:18 INFO  com.zaxxer.hikari.HikariDataSource - PostgreSQLHikariPool - Shutdown completed.
2025-02-28 20:10:20 INFO  com.zaxxer.hikari.HikariDataSource - PostgreSQLHikariPool - Starting...
2025-02-28 20:10:20 INFO  com.zaxxer.hikari.pool.HikariPool - PostgreSQLHikariPool - Added connection org.postgresql.jdbc.PgConnection@29f0802c
2025-02-28 20:10:20 INFO  com.zaxxer.hikari.HikariDataSource - PostgreSQLHikariPool - Start completed.
2025-02-28 20:10:20 INFO  o.h.validator.internal.util.Version - HV000001: Hibernate Validator 8.0.2.Final
2025-02-28 20:10:20 DEBUG o.s.s.c.a.a.c.AuthenticationConfiguration$DefaultPasswordEncoderAuthenticationManagerBuilder - No authenticationProviders and no parentAuthenticationManager defined. Returning null.
2025-02-28 20:10:20 DEBUG o.s.s.web.DefaultSecurityFilterChain - Will secure any request with filters: DisableEncodeUrlFilter, WebAsyncManagerIntegrationFilter, SecurityContextHolderFilter, HeaderWriterFilter, CsrfFilter, LogoutFilter, UsernamePasswordAuthenticationFilter, DefaultResourcesFilter, DefaultLoginPageGeneratingFilter, DefaultLogoutPageGeneratingFilter, CustomHeaderFilter, RequestCacheAwareFilter, SecurityContextHolderAwareRequestFilter, AnonymousAuthenticationFilter, ExceptionTranslationFilter, AuthorizationFilter
2025-02-28 20:10:20 INFO  o.s.web.servlet.DispatcherServlet - Initializing Servlet 'dispatcherServlet'
2025-02-28 20:10:20 INFO  o.s.web.servlet.DispatcherServlet - Completed initialization in 1 ms
2025-02-28 20:15:40 INFO  com.zaxxer.hikari.HikariDataSource - PostgreSQLHikariPool - Shutdown initiated...
2025-02-28 20:15:40 INFO  com.zaxxer.hikari.HikariDataSource - PostgreSQLHikariPool - Shutdown completed.
2025-02-28 20:15:42 INFO  com.zaxxer.hikari.HikariDataSource - PostgreSQLHikariPool - Starting...
2025-02-28 20:15:42 INFO  com.zaxxer.hikari.pool.HikariPool - PostgreSQLHikariPool - Added connection org.postgresql.jdbc.PgConnection@1d01dfa5
2025-02-28 20:15:42 INFO  com.zaxxer.hikari.HikariDataSource - PostgreSQLHikariPool - Start completed.
2025-02-28 20:15:42 DEBUG o.s.s.c.a.a.c.AuthenticationConfiguration$DefaultPasswordEncoderAuthenticationManagerBuilder - No authenticationProviders and no parentAuthenticationManager defined. Returning null.
2025-02-28 20:15:43 DEBUG o.s.s.web.DefaultSecurityFilterChain - Will secure any request with filters: CustomHeaderFilter, DisableEncodeUrlFilter, WebAsyncManagerIntegrationFilter, SecurityContextHolderFilter, HeaderWriterFilter, CsrfFilter, LogoutFilter, UsernamePasswordAuthenticationFilter, DefaultResourcesFilter, DefaultLoginPageGeneratingFilter, DefaultLogoutPageGeneratingFilter, RequestCacheAwareFilter, SecurityContextHolderAwareRequestFilter, AnonymousAuthenticationFilter, ExceptionTranslationFilter, AuthorizationFilter
2025-02-28 20:15:43 INFO  o.h.validator.internal.util.Version - HV000001: Hibernate Validator 8.0.2.Final
2025-02-28 20:15:43 INFO  o.s.web.servlet.DispatcherServlet - Initializing Servlet 'dispatcherServlet'
2025-02-28 20:15:43 INFO  o.s.web.servlet.DispatcherServlet - Completed initialization in 1 ms
2025-02-28 20:16:29 INFO  com.zaxxer.hikari.HikariDataSource - PostgreSQLHikariPool - Shutdown initiated...
2025-02-28 20:16:29 INFO  com.zaxxer.hikari.HikariDataSource - PostgreSQLHikariPool - Shutdown completed.
2025-02-28 20:16:31 INFO  com.zaxxer.hikari.HikariDataSource - PostgreSQLHikariPool - Starting...
2025-02-28 20:16:31 INFO  com.zaxxer.hikari.pool.HikariPool - PostgreSQLHikariPool - Added connection org.postgresql.jdbc.PgConnection@1d01dfa5
2025-02-28 20:16:31 INFO  com.zaxxer.hikari.HikariDataSource - PostgreSQLHikariPool - Start completed.
2025-02-28 20:16:31 DEBUG o.s.s.c.a.a.c.AuthenticationConfiguration$DefaultPasswordEncoderAuthenticationManagerBuilder - No authenticationProviders and no parentAuthenticationManager defined. Returning null.
2025-02-28 20:16:31 DEBUG o.s.s.web.DefaultSecurityFilterChain - Will secure any request with filters: CustomHeaderFilter, DisableEncodeUrlFilter, WebAsyncManagerIntegrationFilter, SecurityContextHolderFilter, HeaderWriterFilter, CsrfFilter, LogoutFilter, UsernamePasswordAuthenticationFilter, DefaultResourcesFilter, DefaultLoginPageGeneratingFilter, DefaultLogoutPageGeneratingFilter, RequestCacheAwareFilter, SecurityContextHolderAwareRequestFilter, AnonymousAuthenticationFilter, ExceptionTranslationFilter, AuthorizationFilter
2025-02-28 20:16:31 INFO  o.h.validator.internal.util.Version - HV000001: Hibernate Validator 8.0.2.Final
2025-02-28 20:16:32 INFO  o.s.web.servlet.DispatcherServlet - Initializing Servlet 'dispatcherServlet'
2025-02-28 20:16:32 INFO  o.s.web.servlet.DispatcherServlet - Completed initialization in 1 ms
2025-02-28 20:16:53 INFO  com.zaxxer.hikari.HikariDataSource - PostgreSQLHikariPool - Shutdown initiated...
2025-02-28 20:16:53 INFO  com.zaxxer.hikari.HikariDataSource - PostgreSQLHikariPool - Shutdown completed.
2025-02-28 20:16:55 INFO  com.zaxxer.hikari.HikariDataSource - PostgreSQLHikariPool - Starting...
2025-02-28 20:16:55 INFO  com.zaxxer.hikari.pool.HikariPool - PostgreSQLHikariPool - Added connection org.postgresql.jdbc.PgConnection@1d3e6d34
2025-02-28 20:16:55 INFO  com.zaxxer.hikari.HikariDataSource - PostgreSQLHikariPool - Start completed.
2025-02-28 20:16:55 DEBUG o.s.s.c.a.a.c.AuthenticationConfiguration$DefaultPasswordEncoderAuthenticationManagerBuilder - No authenticationProviders and no parentAuthenticationManager defined. Returning null.
2025-02-28 20:16:56 DEBUG o.s.s.web.DefaultSecurityFilterChain - Will secure any request with filters: CustomHeaderFilter, DisableEncodeUrlFilter, WebAsyncManagerIntegrationFilter, SecurityContextHolderFilter, HeaderWriterFilter, CsrfFilter, LogoutFilter, UsernamePasswordAuthenticationFilter, DefaultResourcesFilter, DefaultLoginPageGeneratingFilter, DefaultLogoutPageGeneratingFilter, RequestCacheAwareFilter, SecurityContextHolderAwareRequestFilter, AnonymousAuthenticationFilter, ExceptionTranslationFilter, AuthorizationFilter
2025-02-28 20:16:56 INFO  o.h.validator.internal.util.Version - HV000001: Hibernate Validator 8.0.2.Final
2025-02-28 20:16:56 INFO  o.s.web.servlet.DispatcherServlet - Initializing Servlet 'dispatcherServlet'
2025-02-28 20:16:56 INFO  o.s.web.servlet.DispatcherServlet - Completed initialization in 1 ms
2025-02-28 20:19:47 INFO  com.zaxxer.hikari.HikariDataSource - PostgreSQLHikariPool - Shutdown initiated...
2025-02-28 20:19:47 INFO  com.zaxxer.hikari.HikariDataSource - PostgreSQLHikariPool - Shutdown completed.
2025-02-28 20:19:49 INFO  com.zaxxer.hikari.HikariDataSource - PostgreSQLHikariPool - Starting...
2025-02-28 20:19:50 INFO  com.zaxxer.hikari.pool.HikariPool - PostgreSQLHikariPool - Added connection org.postgresql.jdbc.PgConnection@203dd56b
2025-02-28 20:19:50 INFO  com.zaxxer.hikari.HikariDataSource - PostgreSQLHikariPool - Start completed.
2025-02-28 20:19:50 DEBUG o.s.s.c.a.a.c.AuthenticationConfiguration$DefaultPasswordEncoderAuthenticationManagerBuilder - No authenticationProviders and no parentAuthenticationManager defined. Returning null.
2025-02-28 20:19:50 DEBUG o.s.s.web.DefaultSecurityFilterChain - Will secure any request with filters: DisableEncodeUrlFilter, WebAsyncManagerIntegrationFilter, SecurityContextHolderFilter, HeaderWriterFilter, CsrfFilter, LogoutFilter, UsernamePasswordAuthenticationFilter, CustomHeaderFilter, DefaultResourcesFilter, DefaultLoginPageGeneratingFilter, DefaultLogoutPageGeneratingFilter, RequestCacheAwareFilter, SecurityContextHolderAwareRequestFilter, AnonymousAuthenticationFilter, ExceptionTranslationFilter, AuthorizationFilter
2025-02-28 20:19:50 INFO  o.h.validator.internal.util.Version - HV000001: Hibernate Validator 8.0.2.Final
2025-02-28 20:19:50 INFO  o.s.web.servlet.DispatcherServlet - Initializing Servlet 'dispatcherServlet'
2025-02-28 20:19:50 INFO  o.s.web.servlet.DispatcherServlet - Completed initialization in 1 ms
2025-02-28 20:19:57 WARN  o.s.web.servlet.PageNotFound - No mapping for GET /favicon.ico
2025-02-28 20:19:57 WARN  o.s.web.servlet.PageNotFound - No endpoint GET /favicon.ico.
2025-02-28 20:20:05 WARN  o.s.web.servlet.PageNotFound - No mapping for GET /favicon.ico
2025-02-28 20:20:05 WARN  o.s.web.servlet.PageNotFound - No endpoint GET /favicon.ico.
2025-02-28 20:20:08 WARN  o.s.web.servlet.PageNotFound - No mapping for GET /favicon.ico
2025-02-28 20:20:08 WARN  o.s.web.servlet.PageNotFound - No endpoint GET /favicon.ico.
2025-02-28 20:26:17 INFO  com.zaxxer.hikari.HikariDataSource - PostgreSQLHikariPool - Shutdown initiated...
2025-02-28 20:26:17 INFO  com.zaxxer.hikari.HikariDataSource - PostgreSQLHikariPool - Shutdown completed.
2025-02-28 20:26:19 INFO  com.zaxxer.hikari.HikariDataSource - PostgreSQLHikariPool - Starting...
2025-02-28 20:26:19 INFO  com.zaxxer.hikari.pool.HikariPool - PostgreSQLHikariPool - Added connection org.postgresql.jdbc.PgConnection@4642b71d
2025-02-28 20:26:19 INFO  com.zaxxer.hikari.HikariDataSource - PostgreSQLHikariPool - Start completed.
2025-02-28 20:26:19 DEBUG o.s.s.c.a.a.c.AuthenticationConfiguration$DefaultPasswordEncoderAuthenticationManagerBuilder - No authenticationProviders and no parentAuthenticationManager defined. Returning null.
2025-02-28 20:26:19 DEBUG o.s.s.web.DefaultSecurityFilterChain - Will secure any request with filters: DisableEncodeUrlFilter, WebAsyncManagerIntegrationFilter, SecurityContextHolderFilter, HeaderWriterFilter, CsrfFilter, LogoutFilter, UsernamePasswordAuthenticationFilter, CustomHeaderFilter, DefaultResourcesFilter, DefaultLoginPageGeneratingFilter, DefaultLogoutPageGeneratingFilter, RequestCacheAwareFilter, SecurityContextHolderAwareRequestFilter, AnonymousAuthenticationFilter, ExceptionTranslationFilter, AuthorizationFilter
2025-02-28 20:26:19 INFO  o.h.validator.internal.util.Version - HV000001: Hibernate Validator 8.0.2.Final
2025-02-28 20:28:31 INFO  com.zaxxer.hikari.HikariDataSource - PostgreSQLHikariPool - Shutdown initiated...
2025-02-28 20:28:31 INFO  com.zaxxer.hikari.HikariDataSource - PostgreSQLHikariPool - Shutdown completed.
2025-02-28 20:28:33 INFO  com.zaxxer.hikari.HikariDataSource - PostgreSQLHikariPool - Starting...
2025-02-28 20:28:33 INFO  com.zaxxer.hikari.pool.HikariPool - PostgreSQLHikariPool - Added connection org.postgresql.jdbc.PgConnection@4642b71d
2025-02-28 20:28:33 INFO  com.zaxxer.hikari.HikariDataSource - PostgreSQLHikariPool - Start completed.
2025-02-28 20:28:33 DEBUG o.s.s.c.a.a.c.AuthenticationConfiguration$DefaultPasswordEncoderAuthenticationManagerBuilder - No authenticationProviders and no parentAuthenticationManager defined. Returning null.
2025-02-28 20:28:33 DEBUG o.s.s.web.DefaultSecurityFilterChain - Will secure any request with filters: DisableEncodeUrlFilter, WebAsyncManagerIntegrationFilter, SecurityContextHolderFilter, HeaderWriterFilter, CsrfFilter, LogoutFilter, UsernamePasswordAuthenticationFilter, CustomHeaderFilter, DefaultResourcesFilter, DefaultLoginPageGeneratingFilter, DefaultLogoutPageGeneratingFilter, RequestCacheAwareFilter, SecurityContextHolderAwareRequestFilter, AnonymousAuthenticationFilter, ExceptionTranslationFilter, AuthorizationFilter
2025-02-28 20:28:33 INFO  o.h.validator.internal.util.Version - HV000001: Hibernate Validator 8.0.2.Final
2025-02-28 20:28:51 INFO  com.zaxxer.hikari.HikariDataSource - PostgreSQLHikariPool - Shutdown initiated...
2025-02-28 20:28:51 INFO  com.zaxxer.hikari.HikariDataSource - PostgreSQLHikariPool - Shutdown completed.
2025-02-28 20:28:53 INFO  com.zaxxer.hikari.HikariDataSource - PostgreSQLHikariPool - Starting...
2025-02-28 20:28:53 INFO  com.zaxxer.hikari.pool.HikariPool - PostgreSQLHikariPool - Added connection org.postgresql.jdbc.PgConnection@4642b71d
2025-02-28 20:28:53 INFO  com.zaxxer.hikari.HikariDataSource - PostgreSQLHikariPool - Start completed.
2025-02-28 20:28:53 DEBUG o.s.s.c.a.a.c.AuthenticationConfiguration$DefaultPasswordEncoderAuthenticationManagerBuilder - No authenticationProviders and no parentAuthenticationManager defined. Returning null.
2025-02-28 20:28:53 DEBUG o.s.s.web.DefaultSecurityFilterChain - Will secure any request with filters: DisableEncodeUrlFilter, WebAsyncManagerIntegrationFilter, SecurityContextHolderFilter, HeaderWriterFilter, CsrfFilter, LogoutFilter, UsernamePasswordAuthenticationFilter, CustomHeaderFilter, DefaultResourcesFilter, DefaultLoginPageGeneratingFilter, DefaultLogoutPageGeneratingFilter, RequestCacheAwareFilter, SecurityContextHolderAwareRequestFilter, AnonymousAuthenticationFilter, ExceptionTranslationFilter, AuthorizationFilter
2025-02-28 20:28:53 INFO  o.h.validator.internal.util.Version - HV000001: Hibernate Validator 8.0.2.Final
2025-02-28 21:03:35 INFO  com.zaxxer.hikari.HikariDataSource - PostgreSQLHikariPool - Shutdown initiated...
2025-02-28 21:03:35 INFO  com.zaxxer.hikari.HikariDataSource - PostgreSQLHikariPool - Shutdown completed.
2025-02-28 21:10:08 INFO  com.zaxxer.hikari.HikariDataSource - PostgreSQLHikariPool - Starting...
2025-02-28 21:10:08 INFO  com.zaxxer.hikari.pool.HikariPool - PostgreSQLHikariPool - Added connection org.postgresql.jdbc.PgConnection@203dd56b
2025-02-28 21:10:08 INFO  com.zaxxer.hikari.HikariDataSource - PostgreSQLHikariPool - Start completed.
2025-02-28 21:10:08 DEBUG o.s.s.c.a.a.c.AuthenticationConfiguration$DefaultPasswordEncoderAuthenticationManagerBuilder - No authenticationProviders and no parentAuthenticationManager defined. Returning null.
2025-02-28 21:10:08 DEBUG o.s.s.web.DefaultSecurityFilterChain - Will secure any request with filters: DisableEncodeUrlFilter, WebAsyncManagerIntegrationFilter, SecurityContextHolderFilter, HeaderWriterFilter, CsrfFilter, LogoutFilter, UsernamePasswordAuthenticationFilter, CustomHeaderFilter, DefaultResourcesFilter, DefaultLoginPageGeneratingFilter, DefaultLogoutPageGeneratingFilter, RequestCacheAwareFilter, SecurityContextHolderAwareRequestFilter, AnonymousAuthenticationFilter, ExceptionTranslationFilter, AuthorizationFilter
2025-02-28 21:10:08 INFO  o.h.validator.internal.util.Version - HV000001: Hibernate Validator 8.0.2.Final
2025-02-28 21:10:08 INFO  o.s.web.servlet.DispatcherServlet - Initializing Servlet 'dispatcherServlet'
2025-02-28 21:10:08 INFO  o.s.web.servlet.DispatcherServlet - Completed initialization in 1 ms
2025-02-28 21:10:57 INFO  com.zaxxer.hikari.HikariDataSource - PostgreSQLHikariPool - Shutdown initiated...
2025-02-28 21:10:57 INFO  com.zaxxer.hikari.HikariDataSource - PostgreSQLHikariPool - Shutdown completed.
2025-02-28 21:10:59 INFO  com.zaxxer.hikari.HikariDataSource - PostgreSQLHikariPool - Starting...
2025-02-28 21:11:00 INFO  com.zaxxer.hikari.pool.HikariPool - PostgreSQLHikariPool - Added connection org.postgresql.jdbc.PgConnection@1fd386c3
2025-02-28 21:11:00 INFO  com.zaxxer.hikari.HikariDataSource - PostgreSQLHikariPool - Start completed.
2025-02-28 21:11:00 INFO  o.h.validator.internal.util.Version - HV000001: Hibernate Validator 8.0.2.Final
2025-02-28 21:11:00 INFO  o.s.web.servlet.DispatcherServlet - Initializing Servlet 'dispatcherServlet'
2025-02-28 21:11:00 INFO  o.s.web.servlet.DispatcherServlet - Completed initialization in 0 ms
2025-02-28 21:11:40 INFO  com.zaxxer.hikari.HikariDataSource - PostgreSQLHikariPool - Shutdown initiated...
2025-02-28 21:11:40 INFO  com.zaxxer.hikari.HikariDataSource - PostgreSQLHikariPool - Shutdown completed.
2025-02-28 21:11:42 INFO  com.zaxxer.hikari.HikariDataSource - PostgreSQLHikariPool - Starting...
2025-02-28 21:11:42 INFO  com.zaxxer.hikari.pool.HikariPool - PostgreSQLHikariPool - Added connection org.postgresql.jdbc.PgConnection@415e0bcb
2025-02-28 21:11:42 INFO  com.zaxxer.hikari.HikariDataSource - PostgreSQLHikariPool - Start completed.
2025-02-28 21:11:42 INFO  o.h.validator.internal.util.Version - HV000001: Hibernate Validator 8.0.2.Final
2025-02-28 21:11:42 INFO  o.s.web.servlet.DispatcherServlet - Initializing Servlet 'dispatcherServlet'
2025-02-28 21:11:42 INFO  o.s.web.servlet.DispatcherServlet - Completed initialization in 1 ms
2025-02-28 21:12:23 INFO  com.zaxxer.hikari.HikariDataSource - PostgreSQLHikariPool - Shutdown initiated...
2025-02-28 21:12:23 INFO  com.zaxxer.hikari.HikariDataSource - PostgreSQLHikariPool - Shutdown completed.
2025-02-28 21:12:25 INFO  com.zaxxer.hikari.HikariDataSource - PostgreSQLHikariPool - Starting...
2025-02-28 21:12:25 INFO  com.zaxxer.hikari.pool.HikariPool - PostgreSQLHikariPool - Added connection org.postgresql.jdbc.PgConnection@415e0bcb
2025-02-28 21:12:25 INFO  com.zaxxer.hikari.HikariDataSource - PostgreSQLHikariPool - Start completed.
2025-02-28 21:12:25 INFO  o.h.validator.internal.util.Version - HV000001: Hibernate Validator 8.0.2.Final
2025-02-28 21:12:26 INFO  o.s.web.servlet.DispatcherServlet - Initializing Servlet 'dispatcherServlet'
2025-02-28 21:12:26 INFO  o.s.web.servlet.DispatcherServlet - Completed initialization in 1 ms
2025-02-28 21:13:03 INFO  com.zaxxer.hikari.HikariDataSource - PostgreSQLHikariPool - Shutdown initiated...
2025-02-28 21:13:03 INFO  com.zaxxer.hikari.HikariDataSource - PostgreSQLHikariPool - Shutdown completed.
2025-02-28 21:13:05 INFO  com.zaxxer.hikari.HikariDataSource - PostgreSQLHikariPool - Starting...
2025-02-28 21:13:05 INFO  com.zaxxer.hikari.pool.HikariPool - PostgreSQLHikariPool - Added connection org.postgresql.jdbc.PgConnection@415e0bcb
2025-02-28 21:13:05 INFO  com.zaxxer.hikari.HikariDataSource - PostgreSQLHikariPool - Start completed.
2025-02-28 21:13:05 INFO  o.h.validator.internal.util.Version - HV000001: Hibernate Validator 8.0.2.Final
2025-02-28 21:13:05 INFO  o.s.web.servlet.DispatcherServlet - Initializing Servlet 'dispatcherServlet'
2025-02-28 21:13:05 INFO  o.s.web.servlet.DispatcherServlet - Completed initialization in 1 ms
2025-02-28 21:19:02 INFO  com.zaxxer.hikari.HikariDataSource - PostgreSQLHikariPool - Shutdown initiated...
2025-02-28 21:19:02 INFO  com.zaxxer.hikari.HikariDataSource - PostgreSQLHikariPool - Shutdown completed.
2025-02-28 21:19:04 INFO  com.zaxxer.hikari.HikariDataSource - PostgreSQLHikariPool - Starting...
2025-02-28 21:19:05 INFO  com.zaxxer.hikari.pool.HikariPool - PostgreSQLHikariPool - Added connection org.postgresql.jdbc.PgConnection@2c30b71f
2025-02-28 21:19:05 INFO  com.zaxxer.hikari.HikariDataSource - PostgreSQLHikariPool - Start completed.
2025-02-28 21:19:05 INFO  o.h.validator.internal.util.Version - HV000001: Hibernate Validator 8.0.2.Final
2025-02-28 21:19:05 INFO  o.s.web.servlet.DispatcherServlet - Initializing Servlet 'dispatcherServlet'
2025-02-28 21:19:05 INFO  o.s.web.servlet.DispatcherServlet - Completed initialization in 0 ms
2025-02-28 21:20:06 INFO  com.zaxxer.hikari.HikariDataSource - PostgreSQLHikariPool - Shutdown initiated...
2025-02-28 21:20:06 INFO  com.zaxxer.hikari.HikariDataSource - PostgreSQLHikariPool - Shutdown completed.
2025-02-28 21:20:08 INFO  com.zaxxer.hikari.HikariDataSource - PostgreSQLHikariPool - Starting...
2025-02-28 21:20:08 INFO  com.zaxxer.hikari.pool.HikariPool - PostgreSQLHikariPool - Added connection org.postgresql.jdbc.PgConnection@4287d447
2025-02-28 21:20:08 INFO  com.zaxxer.hikari.HikariDataSource - PostgreSQLHikariPool - Start completed.
2025-02-28 21:20:08 INFO  o.h.validator.internal.util.Version - HV000001: Hibernate Validator 8.0.2.Final
2025-02-28 21:20:09 INFO  o.s.web.servlet.DispatcherServlet - Initializing Servlet 'dispatcherServlet'
2025-02-28 21:20:09 INFO  o.s.web.servlet.DispatcherServlet - Completed initialization in 1 ms
2025-02-28 21:21:26 INFO  com.zaxxer.hikari.HikariDataSource - PostgreSQLHikariPool - Shutdown initiated...
2025-02-28 21:21:26 INFO  com.zaxxer.hikari.HikariDataSource - PostgreSQLHikariPool - Shutdown completed.
2025-02-28 21:21:28 INFO  com.zaxxer.hikari.HikariDataSource - PostgreSQLHikariPool - Starting...
2025-02-28 21:21:28 INFO  com.zaxxer.hikari.pool.HikariPool - PostgreSQLHikariPool - Added connection org.postgresql.jdbc.PgConnection@203dd56b
2025-02-28 21:21:28 INFO  com.zaxxer.hikari.HikariDataSource - PostgreSQLHikariPool - Start completed.
2025-02-28 21:21:28 INFO  o.h.validator.internal.util.Version - HV000001: Hibernate Validator 8.0.2.Final
2025-02-28 21:21:29 DEBUG o.s.s.c.a.a.c.AuthenticationConfiguration$DefaultPasswordEncoderAuthenticationManagerBuilder - No authenticationProviders and no parentAuthenticationManager defined. Returning null.
2025-02-28 21:21:29 DEBUG o.s.s.web.DefaultSecurityFilterChain - Will secure any request with filters: DisableEncodeUrlFilter, WebAsyncManagerIntegrationFilter, SecurityContextHolderFilter, HeaderWriterFilter, CsrfFilter, LogoutFilter, UsernamePasswordAuthenticationFilter, DefaultResourcesFilter, DefaultLoginPageGeneratingFilter, DefaultLogoutPageGeneratingFilter, BasicAuthenticationFilter, RequestCacheAwareFilter, SecurityContextHolderAwareRequestFilter, AnonymousAuthenticationFilter, ExceptionTranslationFilter, AuthorizationFilter
2025-02-28 21:21:29 INFO  o.s.web.servlet.DispatcherServlet - Initializing Servlet 'dispatcherServlet'
2025-02-28 21:21:29 INFO  o.s.web.servlet.DispatcherServlet - Completed initialization in 0 ms
2025-02-28 21:36:38 INFO  com.zaxxer.hikari.HikariDataSource - PostgreSQLHikariPool - Shutdown initiated...
2025-02-28 21:36:38 INFO  com.zaxxer.hikari.HikariDataSource - PostgreSQLHikariPool - Shutdown completed.
2025-02-28 21:36:40 INFO  com.zaxxer.hikari.HikariDataSource - PostgreSQLHikariPool - Starting...
2025-02-28 21:36:41 INFO  com.zaxxer.hikari.pool.HikariPool - PostgreSQLHikariPool - Added connection org.postgresql.jdbc.PgConnection@57bd2029
2025-02-28 21:36:41 INFO  com.zaxxer.hikari.HikariDataSource - PostgreSQLHikariPool - Start completed.
2025-02-28 21:36:41 DEBUG o.s.s.c.a.a.c.AuthenticationConfiguration$DefaultPasswordEncoderAuthenticationManagerBuilder - No authenticationProviders and no parentAuthenticationManager defined. Returning null.
2025-02-28 21:36:41 DEBUG o.s.s.web.DefaultSecurityFilterChain - Will secure any request with filters: DisableEncodeUrlFilter, WebAsyncManagerIntegrationFilter, SecurityContextHolderFilter, HeaderWriterFilter, CsrfFilter, LogoutFilter, UsernamePasswordAuthenticationFilter, DefaultResourcesFilter, DefaultLoginPageGeneratingFilter, DefaultLogoutPageGeneratingFilter, RequestCacheAwareFilter, SecurityContextHolderAwareRequestFilter, AnonymousAuthenticationFilter, ExceptionTranslationFilter, AuthorizationFilter
2025-02-28 21:36:41 INFO  o.h.validator.internal.util.Version - HV000001: Hibernate Validator 8.0.2.Final
2025-02-28 21:36:41 INFO  com.zaxxer.hikari.HikariDataSource - PostgreSQLHikariPool - Shutdown initiated...
2025-02-28 21:36:41 INFO  com.zaxxer.hikari.HikariDataSource - PostgreSQLHikariPool - Shutdown completed.
2025-02-28 21:40:00 INFO  com.zaxxer.hikari.HikariDataSource - PostgreSQLHikariPool - Starting...
2025-02-28 21:40:00 INFO  com.zaxxer.hikari.pool.HikariPool - PostgreSQLHikariPool - Added connection org.postgresql.jdbc.PgConnection@1d3e6d34
2025-02-28 21:40:00 INFO  com.zaxxer.hikari.HikariDataSource - PostgreSQLHikariPool - Start completed.
2025-02-28 21:40:00 DEBUG o.s.s.c.a.a.c.AuthenticationConfiguration$DefaultPasswordEncoderAuthenticationManagerBuilder - No authenticationProviders and no parentAuthenticationManager defined. Returning null.
2025-02-28 21:40:00 DEBUG o.s.s.web.DefaultSecurityFilterChain - Will secure any request with filters: DisableEncodeUrlFilter, WebAsyncManagerIntegrationFilter, SecurityContextHolderFilter, HeaderWriterFilter, CsrfFilter, LogoutFilter, UsernamePasswordAuthenticationFilter, DefaultResourcesFilter, DefaultLoginPageGeneratingFilter, DefaultLogoutPageGeneratingFilter, RequestCacheAwareFilter, SecurityContextHolderAwareRequestFilter, AnonymousAuthenticationFilter, ExceptionTranslationFilter, AuthorizationFilter
2025-02-28 21:40:00 INFO  o.h.validator.internal.util.Version - HV000001: Hibernate Validator 8.0.2.Final
2025-02-28 21:40:01 INFO  o.s.web.servlet.DispatcherServlet - Initializing Servlet 'dispatcherServlet'
2025-02-28 21:40:01 INFO  o.s.web.servlet.DispatcherServlet - Completed initialization in 1 ms
2025-02-28 21:40:33 DEBUG o.s.security.web.FilterChainProxy - Securing GET /
2025-02-28 21:40:33 DEBUG o.s.s.w.a.AnonymousAuthenticationFilter - Set SecurityContextHolder to anonymous SecurityContext
2025-02-28 21:40:33 DEBUG o.s.s.w.s.HttpSessionRequestCache - Saved request http://localhost:8080/?continue to session
2025-02-28 21:40:33 DEBUG o.s.s.web.DefaultRedirectStrategy - Redirecting to http://localhost:8080/login
2025-02-28 21:40:33 DEBUG o.s.security.web.FilterChainProxy - Securing GET /login
2025-02-28 21:40:33 DEBUG o.s.security.web.FilterChainProxy - Securing GET /default-ui.css
2025-02-28 21:42:14 INFO  com.zaxxer.hikari.HikariDataSource - PostgreSQLHikariPool - Shutdown initiated...
2025-02-28 21:42:14 INFO  com.zaxxer.hikari.HikariDataSource - PostgreSQLHikariPool - Shutdown completed.
2025-02-28 21:42:16 INFO  com.zaxxer.hikari.HikariDataSource - PostgreSQLHikariPool - Starting...
2025-02-28 21:42:16 INFO  com.zaxxer.hikari.pool.HikariPool - PostgreSQLHikariPool - Added connection org.postgresql.jdbc.PgConnection@759d81f3
2025-02-28 21:42:16 INFO  com.zaxxer.hikari.HikariDataSource - PostgreSQLHikariPool - Start completed.
2025-02-28 21:42:16 DEBUG o.s.s.c.a.a.c.AuthenticationConfiguration$DefaultPasswordEncoderAuthenticationManagerBuilder - No authenticationProviders and no parentAuthenticationManager defined. Returning null.
2025-02-28 21:42:16 DEBUG o.s.s.web.DefaultSecurityFilterChain - Will secure any request with filters: DisableEncodeUrlFilter, WebAsyncManagerIntegrationFilter, SecurityContextHolderFilter, HeaderWriterFilter, CsrfFilter, LogoutFilter, UsernamePasswordAuthenticationFilter, DefaultResourcesFilter, DefaultLoginPageGeneratingFilter, DefaultLogoutPageGeneratingFilter, RequestCacheAwareFilter, SecurityContextHolderAwareRequestFilter, AnonymousAuthenticationFilter, ExceptionTranslationFilter, AuthorizationFilter
2025-02-28 21:42:16 INFO  o.h.validator.internal.util.Version - HV000001: Hibernate Validator 8.0.2.Final
2025-02-28 21:42:16 INFO  o.s.web.servlet.DispatcherServlet - Initializing Servlet 'dispatcherServlet'
2025-02-28 21:42:16 INFO  o.s.web.servlet.DispatcherServlet - Completed initialization in 1 ms
2025-02-28 21:42:22 DEBUG o.s.security.web.FilterChainProxy - Securing GET /
2025-02-28 21:42:22 DEBUG o.s.s.w.a.AnonymousAuthenticationFilter - Set SecurityContextHolder to anonymous SecurityContext
2025-02-28 21:42:22 DEBUG o.s.s.w.s.HttpSessionRequestCache - Saved request http://localhost:8080/?continue to session
2025-02-28 21:42:22 DEBUG o.s.s.web.DefaultRedirectStrategy - Redirecting to http://localhost:8080/login
2025-02-28 21:42:22 DEBUG o.s.security.web.FilterChainProxy - Securing GET /login
2025-02-28 21:42:22 DEBUG o.s.security.web.FilterChainProxy - Securing GET /default-ui.css
2025-02-28 22:02:37 INFO  com.zaxxer.hikari.HikariDataSource - PostgreSQLHikariPool - Shutdown initiated...
2025-02-28 22:02:37 INFO  com.zaxxer.hikari.HikariDataSource - PostgreSQLHikariPool - Shutdown completed.
2025-02-28 22:02:39 INFO  com.zaxxer.hikari.HikariDataSource - PostgreSQLHikariPool - Starting...
2025-02-28 22:02:40 INFO  com.zaxxer.hikari.pool.HikariPool - PostgreSQLHikariPool - Added connection org.postgresql.jdbc.PgConnection@759d81f3
2025-02-28 22:02:40 INFO  com.zaxxer.hikari.HikariDataSource - PostgreSQLHikariPool - Start completed.
2025-02-28 22:02:40 DEBUG o.s.s.c.a.a.c.AuthenticationConfiguration$DefaultPasswordEncoderAuthenticationManagerBuilder - No authenticationProviders and no parentAuthenticationManager defined. Returning null.
2025-02-28 22:02:40 DEBUG o.s.s.web.DefaultSecurityFilterChain - Will secure any request with filters: DisableEncodeUrlFilter, WebAsyncManagerIntegrationFilter, SecurityContextHolderFilter, HeaderWriterFilter, CsrfFilter, LogoutFilter, UsernamePasswordAuthenticationFilter, DefaultResourcesFilter, DefaultLoginPageGeneratingFilter, DefaultLogoutPageGeneratingFilter, RequestCacheAwareFilter, SecurityContextHolderAwareRequestFilter, AnonymousAuthenticationFilter, ExceptionTranslationFilter, AuthorizationFilter
2025-02-28 22:02:40 INFO  o.h.validator.internal.util.Version - HV000001: Hibernate Validator 8.0.2.Final
2025-02-28 22:02:40 INFO  o.s.web.servlet.DispatcherServlet - Initializing Servlet 'dispatcherServlet'
2025-02-28 22:02:40 INFO  o.s.web.servlet.DispatcherServlet - Completed initialization in 1 ms
2025-02-28 22:02:57 DEBUG o.s.security.web.FilterChainProxy - Securing GET /v1/transactions
2025-02-28 22:02:57 DEBUG o.s.security.web.FilterChainProxy - Secured GET /v1/transactions
2025-02-28 22:02:57 DEBUG o.s.s.w.a.AnonymousAuthenticationFilter - Set SecurityContextHolder to anonymous SecurityContext
2025-02-28 22:02:57 DEBUG o.s.security.web.FilterChainProxy - Securing GET /favicon.ico
2025-02-28 22:02:57 DEBUG o.s.s.w.a.AnonymousAuthenticationFilter - Set SecurityContextHolder to anonymous SecurityContext
2025-02-28 22:02:57 DEBUG o.s.s.web.DefaultRedirectStrategy - Redirecting to http://localhost:8080/login
2025-02-28 22:03:03 DEBUG o.s.security.web.FilterChainProxy - Securing GET /
2025-02-28 22:03:03 DEBUG o.s.s.w.a.AnonymousAuthenticationFilter - Set SecurityContextHolder to anonymous SecurityContext
2025-02-28 22:03:03 DEBUG o.s.s.w.s.HttpSessionRequestCache - Saved request http://localhost:8080/?continue to session
2025-02-28 22:03:03 DEBUG o.s.s.web.DefaultRedirectStrategy - Redirecting to http://localhost:8080/login
2025-02-28 22:03:03 DEBUG o.s.security.web.FilterChainProxy - Securing GET /login
2025-02-28 22:03:03 DEBUG o.s.security.web.FilterChainProxy - Securing GET /default-ui.css
2025-02-28 22:03:31 DEBUG o.s.security.web.FilterChainProxy - Securing GET /login
2025-02-28 22:03:31 DEBUG o.s.security.web.FilterChainProxy - Securing GET /default-ui.css
2025-02-28 22:04:03 DEBUG o.s.security.web.FilterChainProxy - Securing GET /
2025-02-28 22:04:03 DEBUG o.s.s.w.a.AnonymousAuthenticationFilter - Set SecurityContextHolder to anonymous SecurityContext
2025-02-28 22:04:03 DEBUG o.s.s.w.s.HttpSessionRequestCache - Saved request http://localhost:8080/?continue to session
2025-02-28 22:04:03 DEBUG o.s.s.web.DefaultRedirectStrategy - Redirecting to http://localhost:8080/login
2025-02-28 22:04:03 DEBUG o.s.security.web.FilterChainProxy - Securing GET /login
2025-02-28 22:04:03 DEBUG o.s.security.web.FilterChainProxy - Securing GET /default-ui.css
2025-02-28 22:04:14 DEBUG o.s.security.web.FilterChainProxy - Securing GET /v1/transactions
2025-02-28 22:04:14 DEBUG o.s.security.web.FilterChainProxy - Secured GET /v1/transactions
2025-02-28 22:04:14 DEBUG o.s.s.w.a.AnonymousAuthenticationFilter - Set SecurityContextHolder to anonymous SecurityContext
